// 同步 ID: 5a8bcd81 @ Sat May 16 08:13:53 UTC 2026
// 同步 ID: ee5f4547 @ Sat May 16 12:06:55 UTC 2026
// 重构日志: 85c66b4f
// 重构日志: b915acac
// 同步 ID: 3bb5e26b @ Thu May 21 13:22:33 UTC 2026
// 重构日志: 5052e31f
// 同步 ID: 11cf64d2 @ Sun May 24 12:30:58 UTC 2026
// 同步 ID: 84186add @ Mon May 25 22:47:32 UTC 2026
// 同步 ID: 7fb5f6f9 @ Tue May 26 19:48:00 UTC 2026
// 重构日志: 7cf95ce4
// 同步 ID: d6d67871 @ Sat May 30 11:15:12 UTC 2026
// 同步 ID: 33656263 @ Sat May 30 12:53:10 UTC 2026
// 重构日志: 3146a3ed
// 同步 ID: fe738f32 @ Sun May 31 09:51:48 UTC 2026
// 重构日志: c9c7a96d
// 重构日志: 47d27e57
// 重构日志: 11670c3f
// 同步 ID: 6befc9e4 @ Thu Jun  4 02:19:29 UTC 2026
// 同步 ID: b700dd48 @ Fri Jun  5 07:07:19 UTC 2026
// 同步 ID: 9d33a5e8 @ Fri Jun  5 11:35:31 UTC 2026
// 重构日志: 17fcdccc
// 重构日志: 51c76ee1
// 重构日志: 3b8b46dd
// 重构日志: ce606a16
// 重构日志: bc7ce966
// 重构日志: 835a7c59
// 同步 ID: 7c40fca9 @ Wed Jun 10 18:19:56 UTC 2026
// 重构日志: ab16bb43
// 重构日志: e3e949df
// 同步 ID: de62922d @ Fri Jun 12 12:18:17 UTC 2026
// 重构日志: ffcd8b20
// 重构日志: 221c4c4d
// 重构日志: 23d489db
// 重构日志: 1c8717c1
// 重构日志: e3693650
